INFO  2019-04-16 00:11:56,927 (Saros.java:220) Starting Saros 14.10.31 running:
  Java Version: 1.8.0_161
  Java Vendor: Oracle Corporation
  Eclipse Runtime Version: 3.11.1.v20150903-1804
  Operating System: Windows 10 (10.0)
  Hardware Architecture: amd64
INFO  2019-04-16 00:11:56,976 (SarosContext.java:153) creating Saros runtime context...
DEBUG 2019-04-16 00:11:57,037 (XMPPAccountStore.java:117) loading accounts from file: C:\Users\Undead\.saros\config.dat
DEBUG 2019-04-16 00:11:57,558 (XMPPAccountStore.java:176) loaded 2 account(s)
INFO  2019-04-16 00:11:57,788 (SarosContext.java:199) successfully created Saros runtime context
DEBUG 2019-04-16 00:11:57,814 (DataTransferManager.java:467) used transport order for the current XMPP connection: [XMPP-Socks5-Transport, XMPP-IBB-Transport]
INFO  2019-04-16 00:11:57,842 (PreferenceInitializer.java:50) initializing preference default values
DEBUG 2019-04-16 00:11:57,893 (SarosAnnotation.java:117) resetting annotation colors
DEBUG 2019-04-16 00:11:57,973 (Saros.java:264) autogenerated favorite color id is: 3
DEBUG 2019-04-16 00:11:57,976 (Saros.java:430) skipping conversion of old XMPP accounts, because there are already new ones
DEBUG 2019-04-16 00:12:19,989 (WhiteboardManager.java:194) WhiteboardManager instantiated
DEBUG 2019-04-16 00:12:20,024 (DocumentRecord.java:93) Added Node: attr(155536994001930420) name=svg
DEBUG 2019-04-16 00:12:20,112 (XMPPConnectionService.java:439) started Socks5 proxy on port: 7777 [listening on all interfaces]
DEBUG 2019-04-16 00:12:21,606 (XMPPConnectionService.java:459) using autodetected addresses: [192.168.1.67, 2001:0:2842:3bed:304d:1cc8:3f57:febc, fe80:0:0:0:304d:1cc8:3f57:febc%net5, 2001:8a0:7f16:c01:2d4d:1e53:3dcd:582a, 2001:8a0:7f16:c01:2508:3773:da62:cebb, fe80:0:0:0:2d4d:1e53:3dcd:582a%wlan4]
DEBUG 2019-04-16 00:12:21,616 (XMPPConnectionService.java:398)  new connection state == CONNECTING
DEBUG 2019-04-16 00:12:22,639 (XMPPConnectionService.java:398) sasori@jabberes.org/Saros new connection state == CONNECTED
DEBUG 2019-04-16 00:12:22,640 (DataTransferManager.java:467) used transport order for the current XMPP connection: [XMPP-Socks5-Transport, XMPP-IBB-Transport]
DEBUG 2019-04-16 00:12:22,642 (SkypeManager.java:289) Refreshing Skype username cache...
WARN  2019-04-16 00:12:32,399 (StunServiceImpl.java:420) received no response from STUN server stunserver.org/67.227.226.240:3478 at local address /192.168.1.67:0
DEBUG 2019-04-16 00:13:55,091 (XMPPConnectionService.java:398) sasori@jabberes.org/Saros new connection state == DISCONNECTING
DEBUG 2019-04-16 00:13:55,245 (XMPPConnectionService.java:398)  new connection state == NOT_CONNECTED
DEBUG 2019-04-16 00:13:55,248 (UPnPServiceImpl.java:295) deleting existing port mappings
